Arguments: 
  /Users/michael/.nvm/versions/node/v10.18.0/bin/node /Users/michael/.yarn/bin/yarn.js add @adobe/mobx-lit

PATH: 
  /Users/michael/.nvm/versions/node/v10.18.0/bin:/Users/michael/.yarn/bin:/Users/michael/.yarn/bin:/Users/michael/.config/yarn/global/node_modules/.bin:/Users/michael/.yarn/bin:/Users/michael/.config/yarn/global/node_modules/.bin:/Users/michael/bin:/usr/local/bin:/usr/bin:/bin:/usr/sbin:/sbin

Yarn version: 
  1.10.1

Node version: 
  10.18.0

Platform: 
  darwin x64

Trace: 
  Error: https://registry.npmjs.org/@adobe%2fmobx-lit: Not found
      at Request.params.callback [as _callback] (/Users/michael/.yarn/lib/cli.js:61073:18)
      at Request.self.callback (/Users/michael/.yarn/lib/cli.js:120166:22)
      at Request.emit (events.js:198:13)
      at Request.<anonymous> (/Users/michael/.yarn/lib/cli.js:121138:10)
      at Request.emit (events.js:198:13)
      at IncomingMessage.<anonymous> (/Users/michael/.yarn/lib/cli.js:121060:12)
      at Object.onceWrapper (events.js:286:20)
      at IncomingMessage.emit (events.js:203:15)
      at endReadableNT (_stream_readable.js:1143:12)
      at process._tickCallback (internal/process/next_tick.js:63:19)

npm manifest: 
  {
    "name": "frontend",
    "version": "1.0.0",
    "main": "index.js",
    "license": "MIT",
    "dependencies": {
      "@google/model-viewer": "^0.9.0",
      "lit-element": "^2.2.1",
      "mobx": "^5.15.4",
      "three": "^0.113.2"
    },
    "scripts": {
      "": "surge -d model-viewer.studio.heymp"
    }
  }

yarn manifest: 
  No manifest

Lockfile: 
  # THIS IS AN AUTOGENERATED FILE. DO NOT EDIT THIS FILE DIRECTLY.
  # yarn lockfile v1
  
  
  "@google/3dom@0.0.1-alpha.3":
    version "0.0.1-alpha.3"
    resolved "https://registry.yarnpkg.com/@google/3dom/-/3dom-0.0.1-alpha.3.tgz#fa3dc1f49106b487511c12f5168f4e24080f1a08"
    integrity sha512-zKMYdhFosEczvdglEpL+AJwcfc/1C+Y4Fks3XXaJvl32LwMhSlfhR+KQsXzEQ0OsSNgD/rahwgXwUkh5QEFlwg==
    dependencies:
      three "^0.113.2"
  
  "@google/model-viewer@^0.9.0":
    version "0.9.0"
    resolved "https://registry.yarnpkg.com/@google/model-viewer/-/model-viewer-0.9.0.tgz#dc694be867e5b315dccf3037b29a0b63fbaeca2c"
    integrity sha512-wgHBOzJGnKSWln5s4+8r9Jsf9/g7LOU2xgjCVt6Wz4ikahgrmt3yvRC6J2dEsns7RkdQFMwR3qiZCSgtsp7UTw==
    dependencies:
      "@google/3dom" "0.0.1-alpha.3"
      "@types/resize-observer-browser" "^0.1.2"
      "@types/webgl2" "^0.0.5"
      lit-element "^2.2.0"
      three "^0.113.2"
  
  "@types/resize-observer-browser@^0.1.2":
    version "0.1.3"
    resolved "https://registry.yarnpkg.com/@types/resize-observer-browser/-/resize-observer-browser-0.1.3.tgz#5cca2445e6fc34a380760bd6ef8c492863469c47"
    integrity sha512-3tGjLIDH8L57fWOfC7NVn/BbGQD7pXwbkk2+8Z4hK/S7kOIv1MUN4nkKjfx0qg4ctkukjzp3Bgr/Z+Hq5ZQZTQ==
  
  "@types/webgl2@^0.0.5":
    version "0.0.5"
    resolved "https://registry.yarnpkg.com/@types/webgl2/-/webgl2-0.0.5.tgz#dd925e20ab8ace80eb4b1e46fda5b109c508fb0d"
    integrity sha512-oGaKsBbxQOY5+aJFV3KECDhGaXt+yZJt2y/OZsnQGLRkH6Fvr7rv4pCt3SRH1somIHfej/c4u7NSpCyd9x+1Ow==
  
  lit-element@^2.2.0, lit-element@^2.2.1:
    version "2.2.1"
    resolved "https://registry.yarnpkg.com/lit-element/-/lit-element-2.2.1.tgz#79c94d8cfdc2d73b245656e37991bd1e4811d96f"
    integrity sha512-ipDcgQ1EpW6Va2Z6dWm79jYdimVepO5GL0eYkZrFvdr0OD/1N260Q9DH+K5HXHFrRoC7dOg+ZpED2XE0TgGdXw==
    dependencies:
      lit-html "^1.0.0"
  
  lit-html@^1.0.0:
    version "1.1.2"
    resolved "https://registry.yarnpkg.com/lit-html/-/lit-html-1.1.2.tgz#2e3560a7075210243649c888ad738eaf0daa8374"
    integrity sha512-FFlUMKHKi+qG1x1iHNZ1hrtc/zHmfYTyrSvs3/wBTvaNtpZjOZGWzU7efGYVpgp6KvWeKF6ql9/KsCq6Z/mEDA==
  
  mobx@^5.15.4:
    version "5.15.4"
    resolved "https://registry.yarnpkg.com/mobx/-/mobx-5.15.4.tgz#9da1a84e97ba624622f4e55a0bf3300fb931c2ab"
    integrity sha512-xRFJxSU2Im3nrGCdjSuOTFmxVDGeqOHL+TyADCGbT0k4HHqGmx5u2yaHNryvoORpI4DfbzjJ5jPmuv+d7sioFw==
  
  three@^0.113.2:
    version "0.113.2"
    resolved "https://registry.yarnpkg.com/three/-/three-0.113.2.tgz#04791d491fe4359330f9dbe7b767db18bfb35d67"
    integrity sha512-x3vrKW41/UtbWbWduWKGlfIc043SvHWr3YltehYq+UGb9YglQ2oztNGvl2eut05JtNSmP11Mh3t6Xak5/0e+Fg==
